[02:04:22] [Client thread/INFO]: Setting user: Carrucan
[02:04:30] [Client thread/WARN]: Skipping bad option: lastServer:
[02:04:30] [Client thread/INFO]: LWJGL Version: 2.9.4
[02:04:41] [Client thread/INFO]: Reloading ResourceManager: Default, FMLFileResourcePack:Forge Mod Loader, FMLFileResourcePack:Minecraft Forge, FMLFileResourcePack:Not Enough Items, FMLFileResourcePack:Animania, FMLFileResourcePack:Better Foliage, FMLFileResourcePack:Better Questing, FMLFileResourcePack:CodeChicken Core, FMLFileResourcePack:CodeChicken Lib, FMLFileResourcePack:compatlayer, FMLFileResourcePack:Cooking for Blockheads, FMLFileResourcePack:CraftStudio API, FMLFileResourcePack:Custom Main Menu, FMLFileResourcePack:CustomNPCs, FMLFileResourcePack:PTRModelLib, FMLFileResourcePack:Decocraft, FMLFileResourcePack:Electroblob's Wizardry, FMLFileResourcePack:HempFarmer, FMLFileResourcePack:Immersive Engineering, FMLFileResourcePack:Inventory Pets, FMLFileResourcePack:Just Enough Items, FMLFileResourcePack:Mob Properties, FMLFileResourcePack:Mob Settings, FMLFileResourcePack:Modern Warfare, FMLFileResourcePack:NPC Integration, FMLFileResourcePack:OpenComputers, FMLFileResourcePack:Pam's HarvestCraft, FMLFileResourcePack:Railcraft, FMLFileResourcePack:Resource Loader, FMLFileResourcePack:Realistic Terrain Generation, FMLFileResourcePack:Standard Expansion, FMLFileResourcePack:TheDragonLib, FMLFileResourcePack:Waila, FMLFileResourcePack:WorldEdit, CustomResources, CustomOverridingResources
[02:04:45] [Client thread/WARN]: Skipping bad option: lastServer:
[02:05:01] [Sound Library Loader/INFO]: Starting up SoundSystem...
[02:05:01] [Thread-12/INFO]: Initializing LWJGL OpenAL
[02:05:01] [Thread-12/INFO]: (The LWJGL binding of OpenAL.  For more information, see http://www.lwjgl.org)
[02:05:02] [Thread-12/ERROR]: Error in class 'LibraryLWJGLOpenAL'
[02:05:02] [Thread-12/ERROR]: Unable to initialize OpenAL.  Probable cause: OpenAL not supported.
[02:05:02] [Thread-12/WARN]: ERROR MESSAGE:
[02:05:02] [Thread-12/INFO]: Could not locate OpenAL library.
[02:05:02] [Thread-12/WARN]: STACK TRACE:
[02:05:02] [Thread-12/INFO]: org.lwjgl.openal.AL.create(AL.java:156)
[02:05:02] [Thread-12/INFO]: org.lwjgl.openal.AL.create(AL.java:102)
[02:05:02] [Thread-12/INFO]: org.lwjgl.openal.AL.create(AL.java:206)
[02:05:02] [Thread-12/INFO]: paulscode.sound.libraries.LibraryLWJGLOpenAL.init(LibraryLWJGLOpenAL.java:164)
[02:05:02] [Thread-12/INFO]: paulscode.sound.SoundSystem.CommandNewLibrary(SoundSystem.java:1576)
[02:05:02] [Thread-12/INFO]: paulscode.sound.SoundSystem.CommandQueue(SoundSystem.java:2572)
[02:05:02] [Thread-12/INFO]: paulscode.sound.CommandThread.run(CommandThread.java:121)
[02:05:02] [Sound Library Loader/WARN]: ERROR MESSAGE:
[02:05:02] [Sound Library Loader/INFO]: Could not locate OpenAL library.
[02:05:02] [Sound Library Loader/INFO]: Starting up SoundSystem...
[02:05:02] [Thread-14/INFO]: Switching to No Sound
[02:05:02] [Thread-14/INFO]: (Silent Mode)
[02:05:02] [Sound Library Loader/INFO]: Sound engine started
[02:05:07] [Client thread/INFO]: Created: 16x16 textures-atlas
[02:05:27] [Client thread/INFO]: Reloading ResourceManager: Default, FMLFileResourcePack:Forge Mod Loader, FMLFileResourcePack:Minecraft Forge, FMLFileResourcePack:Not Enough Items, FMLFileResourcePack:Animania, FMLFileResourcePack:Better Foliage, FMLFileResourcePack:Better Questing, FMLFileResourcePack:CodeChicken Core, FMLFileResourcePack:CodeChicken Lib, FMLFileResourcePack:compatlayer, FMLFileResourcePack:Cooking for Blockheads, FMLFileResourcePack:CraftStudio API, FMLFileResourcePack:Custom Main Menu, FMLFileResourcePack:CustomNPCs, FMLFileResourcePack:PTRModelLib, FMLFileResourcePack:Decocraft, FMLFileResourcePack:Electroblob's Wizardry, FMLFileResourcePack:HempFarmer, FMLFileResourcePack:Immersive Engineering, FMLFileResourcePack:Inventory Pets, FMLFileResourcePack:Just Enough Items, FMLFileResourcePack:Mob Properties, FMLFileResourcePack:Mob Settings, FMLFileResourcePack:Modern Warfare, FMLFileResourcePack:NPC Integration, FMLFileResourcePack:OpenComputers, FMLFileResourcePack:Pam's HarvestCraft, FMLFileResourcePack:Railcraft, FMLFileResourcePack:Resource Loader, FMLFileResourcePack:Realistic Terrain Generation, FMLFileResourcePack:Standard Expansion, FMLFileResourcePack:TheDragonLib, FMLFileResourcePack:Waila, FMLFileResourcePack:WorldEdit, BetterQuesting_folders, BetterQuesting_files, WeaponResourcePack, Better Foliage generated, CustomResources, CustomOverridingResources
[02:05:34] [Client thread/WARN]: Missing sound for event: mw:riflesilenced
[02:05:34] [Client thread/INFO]: SoundSystem shutting down...
[02:05:34] [Client thread/WARN]: Author: Paul Lamb, www.paulscode.com
[02:05:34] [Sound Library Loader/INFO]: Starting up SoundSystem...
[02:05:34] [Thread-21/INFO]: Initializing LWJGL OpenAL
[02:05:34] [Thread-21/INFO]: (The LWJGL binding of OpenAL.  For more information, see http://www.lwjgl.org)
[02:05:35] [Thread-21/INFO]: OpenAL initialized.
[02:05:35] [Sound Library Loader/INFO]: Sound engine started
[02:05:39] [Client thread/ERROR]: Using missing texture, unable to load immersiveengineering:textures/blocks/sheetmetal_uranium.png, java.io.FileNotFoundException
[02:05:40] [Client thread/ERROR]: Using missing texture, unable to load immersiveengineering:textures/blocks/sheetmetal_gold.png, java.io.FileNotFoundException
[02:05:40] [Client thread/ERROR]: Using missing texture, unable to load minecraft:textures/.png, java.io.FileNotFoundException
[02:05:41] [Client thread/INFO]: Created: 2048x2048 textures-atlas
[02:05:46] [Client thread/WARN]: Skipping bad option: lastServer:
[02:09:30] [Client thread/INFO]: Connecting to us5.minecraft-worlds.com., 26731
[02:09:38] [Thread-11/INFO]: [CHAT] §2CustomNpcs§f installed. For more info §9§nClick here
[02:09:44] [Client thread/INFO]: [CHAT] §fAnimania Version 1.4.8 is now available
[02:09:44] [Client thread/INFO]: [CHAT] Click to: [Download]
[02:09:44] [Client thread/INFO]: [CHAT] §fVersion 1.5 of §aInventory Pets§f is now available. 
[02:09:44] [Client thread/INFO]: [CHAT] Click to: [Download]
[02:09:44] [Client thread/INFO]: [CHAT] §aOpenComputers§f: A new version is available: v1.7.2
[02:09:45] [Client thread/INFO]: [CHAT] Version 2.4.1.102 of CodeChickenCore is available
[02:09:45] [Client thread/INFO]: [CHAT] Version 2.1.3.220 of NotEnoughItems is available
[02:10:21] [Client thread/INFO]: [CHAT] Changing to clear weather
[14:44:55] [Client thread/INFO]: Stopping!
[14:44:55] [Client thread/INFO]: SoundSystem shutting down...
[14:44:56] [Client thread/WARN]: Author: Paul Lamb, www.paulscode.com
