2018-06-13 20:46:35 INFO ShadersMod integration enabled
2018-06-13 20:46:35 INFO Optifine CTM support is disabled
2018-06-13 20:46:35 INFO Optifine custom color support is enabled
2018-06-13 20:46:35 INFO BetterFoliage initialized
2018-06-13 20:46:49 DEBUG CactusTextures: block state minecraft:cactus[age=0]
2018-06-13 20:46:49 DEBUG CactusTextures:       class net.minecraft.block.BlockCactus matches net.minecraft.block.BlockCactus
2018-06-13 20:46:49 DEBUG CactusTextures:       model minecraft:models/block/cactus matches minecraft:block/cactus
2018-06-13 20:46:49 DEBUG CactusTextures:       textures [top=blocks/cactus_top, bottom=blocks/cactus_bottom, side=blocks/cactus_side]
2018-06-13 20:46:49 DEBUG CactusTextures: block state minecraft:cactus[age=1]
2018-06-13 20:46:49 DEBUG CactusTextures:       class net.minecraft.block.BlockCactus matches net.minecraft.block.BlockCactus
2018-06-13 20:46:49 DEBUG CactusTextures:       model minecraft:models/block/cactus matches minecraft:block/cactus
2018-06-13 20:46:49 DEBUG CactusTextures:       textures [top=blocks/cactus_top, bottom=blocks/cactus_bottom, side=blocks/cactus_side]
2018-06-13 20:46:49 DEBUG CactusTextures: block state minecraft:cactus[age=2]
2018-06-13 20:46:49 DEBUG CactusTextures:       class net.minecraft.block.BlockCactus matches net.minecraft.block.BlockCactus
2018-06-13 20:46:49 DEBUG CactusTextures:       model minecraft:models/block/cactus matches minecraft:block/cactus
2018-06-13 20:46:49 DEBUG CactusTextures:       textures [top=blocks/cactus_top, bottom=blocks/cactus_bottom, side=blocks/cactus_side]
2018-06-13 20:46:49 DEBUG CactusTextures: block state minecraft:cactus[age=3]
2018-06-13 20:46:49 DEBUG CactusTextures:       class net.minecraft.block.BlockCactus matches net.minecraft.block.BlockCactus
2018-06-13 20:46:49 DEBUG CactusTextures:       model minecraft:models/block/cactus matches minecraft:block/cactus
2018-06-13 20:46:49 DEBUG CactusTextures:       textures [top=blocks/cactus_top, bottom=blocks/cactus_bottom, side=blocks/cactus_side]
2018-06-13 20:46:49 DEBUG CactusTextures: block state minecraft:cactus[age=4]
2018-06-13 20:46:49 DEBUG CactusTextures:       class net.minecraft.block.BlockCactus matches net.minecraft.block.BlockCactus
2018-06-13 20:46:49 DEBUG CactusTextures:       model minecraft:models/block/cactus matches minecraft:block/cactus
2018-06-13 20:46:49 DEBUG CactusTextures:       textures [top=blocks/cactus_top, bottom=blocks/cactus_bottom, side=blocks/cactus_side]
2018-06-13 20:46:49 DEBUG CactusTextures: block state minecraft:cactus[age=5]
2018-06-13 20:46:49 DEBUG CactusTextures:       class net.minecraft.block.BlockCactus matches net.minecraft.block.BlockCactus
2018-06-13 20:46:49 DEBUG CactusTextures:       model minecraft:models/block/cactus matches minecraft:block/cactus
2018-06-13 20:46:49 DEBUG CactusTextures:       textures [top=blocks/cactus_top, bottom=blocks/cactus_bottom, side=blocks/cactus_side]
2018-06-13 20:46:49 DEBUG CactusTextures: block state minecraft:cactus[age=6]
2018-06-13 20:46:49 DEBUG CactusTextures:       class net.minecraft.block.BlockCactus matches net.minecraft.block.BlockCactus
2018-06-13 20:46:49 DEBUG CactusTextures:       model minecraft:models/block/cactus matches minecraft:block/cactus
2018-06-13 20:46:49 DEBUG CactusTextures:       textures [top=blocks/cactus_top, bottom=blocks/cactus_bottom, side=blocks/cactus_side]
2018-06-13 20:46:49 DEBUG CactusTextures: block state minecraft:cactus[age=7]
2018-06-13 20:46:49 DEBUG CactusTextures:       class net.minecraft.block.BlockCactus matches net.minecraft.block.BlockCactus
2018-06-13 20:46:49 DEBUG CactusTextures:       model minecraft:models/block/cactus matches minecraft:block/cactus
2018-06-13 20:46:49 DEBUG CactusTextures:       textures [top=blocks/cactus_top, bottom=blocks/cactus_bottom, side=blocks/cactus_side]
2018-06-13 20:46:49 DEBUG CactusTextures: block state minecraft:cactus[age=8]
2018-06-13 20:46:49 DEBUG CactusTextures:       class net.minecraft.block.BlockCactus matches net.minecraft.block.BlockCactus
2018-06-13 20:46:49 DEBUG CactusTextures:       model minecraft:models/block/cactus matches minecraft:block/cactus
2018-06-13 20:46:49 DEBUG CactusTextures:       textures [top=blocks/cactus_top, bottom=blocks/cactus_bottom, side=blocks/cactus_side]
2018-06-13 20:46:49 DEBUG CactusTextures: block state minecraft:cactus[age=9]
2018-06-13 20:46:49 DEBUG CactusTextures:       class net.minecraft.block.BlockCactus matches net.minecraft.block.BlockCactus
2018-06-13 20:46:49 DEBUG CactusTextures:       model minecraft:models/block/cactus matches minecraft:block/cactus
2018-06-13 20:46:49 DEBUG CactusTextures:       textures [top=blocks/cactus_top, bottom=blocks/cactus_bottom, side=blocks/cactus_side]
2018-06-13 20:46:49 DEBUG CactusTextures: block state minecraft:cactus[age=10]
2018-06-13 20:46:49 DEBUG CactusTextures:       class net.minecraft.block.BlockCactus matches net.minecraft.block.BlockCactus
2018-06-13 20:46:49 DEBUG CactusTextures:       model minecraft:models/block/cactus matches minecraft:block/cactus
2018-06-13 20:46:49 DEBUG CactusTextures:       textures [top=blocks/cactus_top, bottom=blocks/cactus_bottom, side=blocks/cactus_side]
2018-06-13 20:46:49 DEBUG CactusTextures: block state minecraft:cactus[age=11]
2018-06-13 20:46:49 DEBUG CactusTextures:       class net.minecraft.block.BlockCactus matches net.minecraft.block.BlockCactus
2018-06-13 20:46:49 DEBUG CactusTextures:       model minecraft:models/block/cactus matches minecraft:block/cactus
2018-06-13 20:46:49 DEBUG CactusTextures:       textures [top=blocks/cactus_top, bottom=blocks/cactus_bottom, side=blocks/cactus_side]
2018-06-13 20:46:49 DEBUG CactusTextures: block state minecraft:cactus[age=12]
2018-06-13 20:46:49 DEBUG CactusTextures:       class net.minecraft.block.BlockCactus matches net.minecraft.block.BlockCactus
2018-06-13 20:46:49 DEBUG CactusTextures:       model minecraft:models/block/cactus matches minecraft:block/cactus
2018-06-13 20:46:49 DEBUG CactusTextures:       textures [top=blocks/cactus_top, bottom=blocks/cactus_bottom, side=blocks/cactus_side]
2018-06-13 20:46:49 DEBUG CactusTextures: block state minecraft:cactus[age=13]
2018-06-13 20:46:49 DEBUG CactusTextures:       class net.minecraft.block.BlockCactus matches net.minecraft.block.BlockCactus
2018-06-13 20:46:49 DEBUG CactusTextures:       model minecraft:models/block/cactus matches minecraft:block/cactus
2018-06-13 20:46:49 DEBUG CactusTextures:       textures [top=blocks/cactus_top, bottom=blocks/cactus_bottom, side=blocks/cactus_side]
2018-06-13 20:46:49 DEBUG CactusTextures: block state minecraft:cactus[age=14]
2018-06-13 20:46:49 DEBUG CactusTextures:       class net.minecraft.block.BlockCactus matches net.minecraft.block.BlockCactus
2018-06-13 20:46:49 DEBUG CactusTextures:       model minecraft:models/block/cactus matches minecraft:block/cactus
2018-06-13 20:46:49 DEBUG CactusTextures:       textures [top=blocks/cactus_top, bottom=blocks/cactus_bottom, side=blocks/cactus_side]
2018-06-13 20:46:49 DEBUG CactusTextures: block state minecraft:cactus[age=15]
2018-06-13 20:46:49 DEBUG CactusTextures:       class net.minecraft.block.BlockCactus matches net.minecraft.block.BlockCactus
2018-06-13 20:46:49 DEBUG CactusTextures:       model minecraft:models/block/cactus matches minecraft:block/cactus
2018-06-13 20:46:49 DEBUG CactusTextures:       textures [top=blocks/cactus_top, bottom=blocks/cactus_bottom, side=blocks/cactus_side]
2018-06-13 20:46:49 DEBUG StandardLeafSupport: block state minecraft:leaves[check_decay=true,decayable=true,variant=oak]
2018-06-13 20:46:49 DEBUG StandardLeafSupport:       class net.minecraft.block.BlockOldLeaf matches net.minecraft.block.BlockLeaves
2018-06-13 20:46:49 DEBUG StandardLeafSupport:       model minecraft:models/block/oak_leaves matches minecraft:block/leaves
2018-06-13 20:46:49 DEBUG StandardLeafSupport:       textures [all=blocks/leaves_oak]
2018-06-13 20:46:49 DEBUG StandardLeafSupport: block state minecraft:leaves[check_decay=true,decayable=true,variant=spruce]
2018-06-13 20:46:49 DEBUG StandardLeafSupport:       class net.minecraft.block.BlockOldLeaf matches net.minecraft.block.BlockLeaves
2018-06-13 20:46:49 DEBUG StandardLeafSupport:       model minecraft:models/block/spruce_leaves matches minecraft:block/leaves
2018-06-13 20:46:49 DEBUG StandardLeafSupport:       textures [all=blocks/leaves_spruce]
2018-06-13 20:46:49 DEBUG StandardLeafSupport: block state minecraft:leaves[check_decay=true,decayable=true,variant=birch]
2018-06-13 20:46:49 DEBUG StandardLeafSupport:       class net.minecraft.block.BlockOldLeaf matches net.minecraft.block.BlockLeaves
2018-06-13 20:46:49 DEBUG StandardLeafSupport:       model minecraft:models/block/birch_leaves matches minecraft:block/leaves
2018-06-13 20:46:49 DEBUG StandardLeafSupport:       textures [all=blocks/leaves_birch]
2018-06-13 20:46:49 DEBUG StandardLeafSupport: block state minecraft:leaves[check_decay=true,decayable=true,variant=jungle]
2018-06-13 20:46:49 DEBUG StandardLeafSupport:       class net.minecraft.block.BlockOldLeaf matches net.minecraft.block.BlockLeaves
2018-06-13 20:46:49 DEBUG StandardLeafSupport:       model minecraft:models/block/jungle_leaves matches minecraft:block/leaves
2018-06-13 20:46:49 DEBUG StandardLeafSupport:       textures [all=blocks/leaves_jungle]
2018-06-13 20:46:49 DEBUG StandardLeafSupport: block state minecraft:leaves[check_decay=true,decayable=false,variant=oak]
2018-06-13 20:46:49 DEBUG StandardLeafSupport:       class net.minecraft.block.BlockOldLeaf matches net.minecraft.block.BlockLeaves
2018-06-13 20:46:49 DEBUG StandardLeafSupport:       model minecraft:models/block/oak_leaves matches minecraft:block/leaves
2018-06-13 20:46:49 DEBUG StandardLeafSupport:       textures [all=blocks/leaves_oak]
2018-06-13 20:46:49 DEBUG StandardLeafSupport: block state minecraft:leaves[check_decay=true,decayable=false,variant=spruce]
2018-06-13 20:46:49 DEBUG StandardLeafSupport:       class net.minecraft.block.BlockOldLeaf matches net.minecraft.block.BlockLeaves
2018-06-13 20:46:49 DEBUG StandardLeafSupport:       model minecraft:models/block/spruce_leaves matches minecraft:block/leaves
2018-06-13 20:46:49 DEBUG StandardLeafSupport:       textures [all=blocks/leaves_spruce]
2018-06-13 20:46:49 DEBUG StandardLeafSupport: block state minecraft:leaves[check_decay=true,decayable=false,variant=birch]
2018-06-13 20:46:49 DEBUG StandardLeafSupport:       class net.minecraft.block.BlockOldLeaf matches net.minecraft.block.BlockLeaves
2018-06-13 20:46:49 DEBUG StandardLeafSupport:       model minecraft:models/block/birch_leaves matches minecraft:block/leaves
2018-06-13 20:46:49 DEBUG StandardLeafSupport:       textures [all=blocks/leaves_birch]
2018-06-13 20:46:49 DEBUG StandardLeafSupport: block state minecraft:leaves[check_decay=true,decayable=false,variant=jungle]
2018-06-13 20:46:49 DEBUG StandardLeafSupport:       class net.minecraft.block.BlockOldLeaf matches net.minecraft.block.BlockLeaves
2018-06-13 20:46:49 DEBUG StandardLeafSupport:       model minecraft:models/block/jungle_leaves matches minecraft:block/leaves
2018-06-13 20:46:49 DEBUG StandardLeafSupport:       textures [all=blocks/leaves_jungle]
2018-06-13 20:46:49 DEBUG StandardLeafSupport: block state minecraft:leaves[check_decay=false,decayable=true,variant=oak]
2018-06-13 20:46:49 DEBUG StandardLeafSupport:       class net.minecraft.block.BlockOldLeaf matches net.minecraft.block.BlockLeaves
2018-06-13 20:46:49 DEBUG StandardLeafSupport:       model minecraft:models/block/oak_leaves matches minecraft:block/leaves
2018-06-13 20:46:49 DEBUG StandardLeafSupport:       textures [all=blocks/leaves_oak]
2018-06-13 20:46:49 DEBUG StandardLeafSupport: block state minecraft:leaves[check_decay=false,decayable=true,variant=spruce]
2018-06-13 20:46:49 DEBUG StandardLeafSupport:       class net.minecraft.block.BlockOldLeaf matches net.minecraft.block.BlockLeaves
2018-06-13 20:46:49 DEBUG StandardLeafSupport:       model minecraft:models/block/spruce_leaves matches minecraft:block/leaves
2018-06-13 20:46:49 DEBUG StandardLeafSupport:       textures [all=blocks/leaves_spruce]
2018-06-13 20:46:49 DEBUG StandardLeafSupport: block state minecraft:leaves[check_decay=false,decayable=true,variant=birch]
2018-06-13 20:46:49 DEBUG StandardLeafSupport:       class net.minecraft.block.BlockOldLeaf matches net.minecraft.block.BlockLeaves
2018-06-13 20:46:49 DEBUG StandardLeafSupport:       model minecraft:models/block/birch_leaves matches minecraft:block/leaves
2018-06-13 20:46:49 DEBUG StandardLeafSupport:       textures [all=blocks/leaves_birch]
2018-06-13 20:46:49 DEBUG StandardLeafSupport: block state minecraft:leaves[check_decay=false,decayable=true,variant=jungle]
2018-06-13 20:46:49 DEBUG StandardLeafSupport:       class net.minecraft.block.BlockOldLeaf matches net.minecraft.block.BlockLeaves
2018-06-13 20:46:49 DEBUG StandardLeafSupport:       model minecraft:models/block/jungle_leaves matches minecraft:block/leaves
2018-06-13 20:46:49 DEBUG StandardLeafSupport:       textures [all=blocks/leaves_jungle]
2018-06-13 20:46:49 DEBUG StandardLeafSupport: block state minecraft:leaves[check_decay=false,decayable=false,variant=oak]
2018-06-13 20:46:49 DEBUG StandardLeafSupport:       class net.minecraft.block.BlockOldLeaf matches net.minecraft.block.BlockLeaves
2018-06-13 20:46:49 DEBUG StandardLeafSupport:       model minecraft:models/block/oak_leaves matches minecraft:block/leaves
2018-06-13 20:46:49 DEBUG StandardLeafSupport:       textures [all=blocks/leaves_oak]
2018-06-13 20:46:49 DEBUG StandardLeafSupport: block state minecraft:leaves[check_decay=false,decayable=false,variant=spruce]
2018-06-13 20:46:49 DEBUG StandardLeafSupport:       class net.minecraft.block.BlockOldLeaf matches net.minecraft.block.BlockLeaves
2018-06-13 20:46:49 DEBUG StandardLeafSupport:       model minecraft:models/block/spruce_leaves matches minecraft:block/leaves
2018-06-13 20:46:49 DEBUG StandardLeafSupport:       textures [all=blocks/leaves_spruce]
2018-06-13 20:46:49 DEBUG StandardLeafSupport: block state minecraft:leaves[check_decay=false,decayable=false,variant=birch]
2018-06-13 20:46:49 DEBUG StandardLeafSupport:       class net.minecraft.block.BlockOldLeaf matches net.minecraft.block.BlockLeaves
2018-06-13 20:46:49 DEBUG StandardLeafSupport:       model minecraft:models/block/birch_leaves matches minecraft:block/leaves
2018-06-13 20:46:49 DEBUG StandardLeafSupport:       textures [all=blocks/leaves_birch]
2018-06-13 20:46:49 DEBUG StandardLeafSupport: block state minecraft:leaves[check_decay=false,decayable=false,variant=jungle]
2018-06-13 20:46:49 DEBUG StandardLeafSupport:       class net.minecraft.block.BlockOldLeaf matches net.minecraft.block.BlockLeaves
2018-06-13 20:46:49 DEBUG StandardLeafSupport:       model minecraft:models/block/jungle_leaves matches minecraft:block/leaves
2018-06-13 20:46:49 DEBUG StandardLeafSupport:       textures [all=blocks/leaves_jungle]
2018-06-13 20:46:49 DEBUG StandardLeafSupport: block state minecraft:leaves2[check_decay=true,decayable=true,variant=acacia]
2018-06-13 20:46:49 DEBUG StandardLeafSupport:       class net.minecraft.block.BlockNewLeaf matches net.minecraft.block.BlockLeaves
2018-06-13 20:46:49 DEBUG StandardLeafSupport:       model minecraft:models/block/acacia_leaves matches minecraft:block/leaves
2018-06-13 20:46:49 DEBUG StandardLeafSupport:       textures [all=blocks/leaves_acacia]
2018-06-13 20:46:49 DEBUG StandardLeafSupport: block state minecraft:leaves2[check_decay=true,decayable=true,variant=dark_oak]
2018-06-13 20:46:49 DEBUG StandardLeafSupport:       class net.minecraft.block.BlockNewLeaf matches net.minecraft.block.BlockLeaves
2018-06-13 20:46:49 DEBUG StandardLeafSupport:       model minecraft:models/block/dark_oak_leaves matches minecraft:block/leaves
2018-06-13 20:46:49 DEBUG StandardLeafSupport:       textures [all=blocks/leaves_big_oak]
2018-06-13 20:46:49 DEBUG StandardLeafSupport: block state minecraft:leaves2[check_decay=true,decayable=false,variant=acacia]
2018-06-13 20:46:49 DEBUG StandardLeafSupport:       class net.minecraft.block.BlockNewLeaf matches net.minecraft.block.BlockLeaves
2018-06-13 20:46:49 DEBUG StandardLeafSupport:       model minecraft:models/block/acacia_leaves matches minecraft:block/leaves
2018-06-13 20:46:49 DEBUG StandardLeafSupport:       textures [all=blocks/leaves_acacia]
2018-06-13 20:46:49 DEBUG StandardLeafSupport: block state minecraft:leaves2[check_decay=true,decayable=false,variant=dark_oak]
2018-06-13 20:46:49 DEBUG StandardLeafSupport:       class net.minecraft.block.BlockNewLeaf matches net.minecraft.block.BlockLeaves
2018-06-13 20:46:49 DEBUG StandardLeafSupport:       model minecraft:models/block/dark_oak_leaves matches minecraft:block/leaves
2018-06-13 20:46:49 DEBUG StandardLeafSupport:       textures [all=blocks/leaves_big_oak]
2018-06-13 20:46:49 DEBUG StandardLeafSupport: block state minecraft:leaves2[check_decay=false,decayable=true,variant=acacia]
2018-06-13 20:46:49 DEBUG StandardLeafSupport:       class net.minecraft.block.BlockNewLeaf matches net.minecraft.block.BlockLeaves
2018-06-13 20:46:49 DEBUG StandardLeafSupport:       model minecraft:models/block/acacia_leaves matches minecraft:block/leaves
2018-06-13 20:46:49 DEBUG StandardLeafSupport:       textures [all=blocks/leaves_acacia]
2018-06-13 20:46:49 DEBUG StandardLeafSupport: block state minecraft:leaves2[check_decay=false,decayable=true,variant=dark_oak]
2018-06-13 20:46:49 DEBUG StandardLeafSupport:       class net.minecraft.block.BlockNewLeaf matches net.minecraft.block.BlockLeaves
2018-06-13 20:46:49 DEBUG StandardLeafSupport:       model minecraft:models/block/dark_oak_leaves matches minecraft:block/leaves
2018-06-13 20:46:49 DEBUG StandardLeafSupport:       textures [all=blocks/leaves_big_oak]
2018-06-13 20:46:49 DEBUG StandardLeafSupport: block state minecraft:leaves2[check_decay=false,decayable=false,variant=acacia]
2018-06-13 20:46:49 DEBUG StandardLeafSupport:       class net.minecraft.block.BlockNewLeaf matches net.minecraft.block.BlockLeaves
2018-06-13 20:46:49 DEBUG StandardLeafSupport:       model minecraft:models/block/acacia_leaves matches minecraft:block/leaves
2018-06-13 20:46:49 DEBUG StandardLeafSupport:       textures [all=blocks/leaves_acacia]
2018-06-13 20:46:49 DEBUG StandardLeafSupport: block state minecraft:leaves2[check_decay=false,decayable=false,variant=dark_oak]
2018-06-13 20:46:49 DEBUG StandardLeafSupport:       class net.minecraft.block.BlockNewLeaf matches net.minecraft.block.BlockLeaves
2018-06-13 20:46:49 DEBUG StandardLeafSupport:       model minecraft:models/block/dark_oak_leaves matches minecraft:block/leaves
2018-06-13 20:46:49 DEBUG StandardLeafSupport:       textures [all=blocks/leaves_big_oak]
2018-06-13 20:46:49 DEBUG StandardGrassSupport: block state minecraft:grass[snowy=true]
2018-06-13 20:46:49 DEBUG StandardGrassSupport:       class net.minecraft.block.BlockGrass matches net.minecraft.block.BlockGrass
2018-06-13 20:46:49 DEBUG StandardGrassSupport:       model minecraft:models/block/grass_snowed matches minecraft:block/cube_bottom_top
2018-06-13 20:46:49 DEBUG StandardGrassSupport:       textures [top=blocks/grass_top]
2018-06-13 20:46:49 DEBUG StandardGrassSupport: block state minecraft:grass[snowy=false]
2018-06-13 20:46:49 DEBUG StandardGrassSupport:       class net.minecraft.block.BlockGrass matches net.minecraft.block.BlockGrass
2018-06-13 20:46:49 DEBUG StandardGrassSupport:       model minecraft:models/block/grass_normal matches minecraft:block/grass
2018-06-13 20:46:49 DEBUG StandardGrassSupport:       textures [top=blocks/grass_top]
2018-06-13 20:46:49 DEBUG StandardLogSupport: block state minecraft:log[axis=x,variant=oak]
2018-06-13 20:46:49 DEBUG StandardLogSupport:       class net.minecraft.block.BlockOldLog matches net.minecraft.block.BlockLog
2018-06-13 20:46:49 DEBUG StandardLogSupport:       model minecraft:models/block/oak_log matches minecraft:block/cube_column
2018-06-13 20:46:49 DEBUG StandardLogSupport:       textures [end=blocks/log_oak_top, end=blocks/log_oak_top, side=blocks/log_oak]
2018-06-13 20:46:49 DEBUG StandardLogSupport: block state minecraft:log[axis=x,variant=spruce]
2018-06-13 20:46:49 DEBUG StandardLogSupport:       class net.minecraft.block.BlockOldLog matches net.minecraft.block.BlockLog
2018-06-13 20:46:49 DEBUG StandardLogSupport:       model minecraft:models/block/spruce_log matches minecraft:block/cube_column
2018-06-13 20:46:49 DEBUG StandardLogSupport:       textures [end=blocks/log_spruce_top, end=blocks/log_spruce_top, side=blocks/log_spruce]
2018-06-13 20:46:49 DEBUG StandardLogSupport: block state minecraft:log[axis=x,variant=birch]
2018-06-13 20:46:49 DEBUG StandardLogSupport:       class net.minecraft.block.BlockOldLog matches net.minecraft.block.BlockLog
2018-06-13 20:46:49 DEBUG StandardLogSupport:       model minecraft:models/block/birch_log matches minecraft:block/cube_column
2018-06-13 20:46:49 DEBUG StandardLogSupport:       textures [end=blocks/log_birch_top, end=blocks/log_birch_top, side=blocks/log_birch]
2018-06-13 20:46:49 DEBUG StandardLogSupport: block state minecraft:log[axis=x,variant=jungle]
2018-06-13 20:46:49 DEBUG StandardLogSupport:       class net.minecraft.block.BlockOldLog matches net.minecraft.block.BlockLog
2018-06-13 20:46:49 DEBUG StandardLogSupport:       model minecraft:models/block/jungle_log matches minecraft:block/cube_column
2018-06-13 20:46:49 DEBUG StandardLogSupport:       textures [end=blocks/log_jungle_top, end=blocks/log_jungle_top, side=blocks/log_jungle]
2018-06-13 20:46:49 DEBUG StandardLogSupport: block state minecraft:log[axis=y,variant=oak]
2018-06-13 20:46:49 DEBUG StandardLogSupport:       class net.minecraft.block.BlockOldLog matches net.minecraft.block.BlockLog
2018-06-13 20:46:49 DEBUG StandardLogSupport:       model minecraft:models/block/oak_log matches minecraft:block/cube_column
2018-06-13 20:46:49 DEBUG StandardLogSupport:       textures [end=blocks/log_oak_top, end=blocks/log_oak_top, side=blocks/log_oak]
2018-06-13 20:46:49 DEBUG StandardLogSupport: block state minecraft:log[axis=y,variant=spruce]
2018-06-13 20:46:49 DEBUG StandardLogSupport:       class net.minecraft.block.BlockOldLog matches net.minecraft.block.BlockLog
2018-06-13 20:46:49 DEBUG StandardLogSupport:       model minecraft:models/block/spruce_log matches minecraft:block/cube_column
2018-06-13 20:46:49 DEBUG StandardLogSupport:       textures [end=blocks/log_spruce_top, end=blocks/log_spruce_top, side=blocks/log_spruce]
2018-06-13 20:46:49 DEBUG StandardLogSupport: block state minecraft:log[axis=y,variant=birch]
2018-06-13 20:46:49 DEBUG StandardLogSupport:       class net.minecraft.block.BlockOldLog matches net.minecraft.block.BlockLog
2018-06-13 20:46:49 DEBUG StandardLogSupport:       model minecraft:models/block/birch_log matches minecraft:block/cube_column
2018-06-13 20:46:49 DEBUG StandardLogSupport:       textures [end=blocks/log_birch_top, end=blocks/log_birch_top, side=blocks/log_birch]
2018-06-13 20:46:49 DEBUG StandardLogSupport: block state minecraft:log[axis=y,variant=jungle]
2018-06-13 20:46:49 DEBUG StandardLogSupport:       class net.minecraft.block.BlockOldLog matches net.minecraft.block.BlockLog
2018-06-13 20:46:49 DEBUG StandardLogSupport:       model minecraft:models/block/jungle_log matches minecraft:block/cube_column
2018-06-13 20:46:49 DEBUG StandardLogSupport:       textures [end=blocks/log_jungle_top, end=blocks/log_jungle_top, side=blocks/log_jungle]
2018-06-13 20:46:49 DEBUG StandardLogSupport: block state minecraft:log[axis=z,variant=oak]
2018-06-13 20:46:49 DEBUG StandardLogSupport:       class net.minecraft.block.BlockOldLog matches net.minecraft.block.BlockLog
2018-06-13 20:46:49 DEBUG StandardLogSupport:       model minecraft:models/block/oak_log matches minecraft:block/cube_column
2018-06-13 20:46:49 DEBUG StandardLogSupport:       textures [end=blocks/log_oak_top, end=blocks/log_oak_top, side=blocks/log_oak]
2018-06-13 20:46:49 DEBUG StandardLogSupport: block state minecraft:log[axis=z,variant=spruce]
2018-06-13 20:46:49 DEBUG StandardLogSupport:       class net.minecraft.block.BlockOldLog matches net.minecraft.block.BlockLog
2018-06-13 20:46:49 DEBUG StandardLogSupport:       model minecraft:models/block/spruce_log matches minecraft:block/cube_column
2018-06-13 20:46:49 DEBUG StandardLogSupport:       textures [end=blocks/log_spruce_top, end=blocks/log_spruce_top, side=blocks/log_spruce]
2018-06-13 20:46:49 DEBUG StandardLogSupport: block state minecraft:log[axis=z,variant=birch]
2018-06-13 20:46:49 DEBUG StandardLogSupport:       class net.minecraft.block.BlockOldLog matches net.minecraft.block.BlockLog
2018-06-13 20:46:49 DEBUG StandardLogSupport:       model minecraft:models/block/birch_log matches minecraft:block/cube_column
2018-06-13 20:46:49 DEBUG StandardLogSupport:       textures [end=blocks/log_birch_top, end=blocks/log_birch_top, side=blocks/log_birch]
2018-06-13 20:46:49 DEBUG StandardLogSupport: block state minecraft:log[axis=z,variant=jungle]
2018-06-13 20:46:49 DEBUG StandardLogSupport:       class net.minecraft.block.BlockOldLog matches net.minecraft.block.BlockLog
2018-06-13 20:46:49 DEBUG StandardLogSupport:       model minecraft:models/block/jungle_log matches minecraft:block/cube_column
2018-06-13 20:46:49 DEBUG StandardLogSupport:       textures [end=blocks/log_jungle_top, end=blocks/log_jungle_top, side=blocks/log_jungle]
2018-06-13 20:46:49 DEBUG StandardLogSupport: block state minecraft:log[axis=none,variant=oak]
2018-06-13 20:46:49 DEBUG StandardLogSupport:       class net.minecraft.block.BlockOldLog matches net.minecraft.block.BlockLog
2018-06-13 20:46:49 DEBUG StandardLogSupport:       model minecraft:models/block/oak_bark matches minecraft:block/cube_all
2018-06-13 20:46:49 DEBUG StandardLogSupport:       textures [all=blocks/log_oak, all=blocks/log_oak, all=blocks/log_oak]
2018-06-13 20:46:49 DEBUG StandardLogSupport: block state minecraft:log[axis=none,variant=spruce]
2018-06-13 20:46:49 DEBUG StandardLogSupport:       class net.minecraft.block.BlockOldLog matches net.minecraft.block.BlockLog
2018-06-13 20:46:49 DEBUG StandardLogSupport:       model minecraft:models/block/spruce_bark matches minecraft:block/cube_all
2018-06-13 20:46:49 DEBUG StandardLogSupport:       textures [all=blocks/log_spruce, all=blocks/log_spruce, all=blocks/log_spruce]
2018-06-13 20:46:49 DEBUG StandardLogSupport: block state minecraft:log[axis=none,variant=birch]
2018-06-13 20:46:49 DEBUG StandardLogSupport:       class net.minecraft.block.BlockOldLog matches net.minecraft.block.BlockLog
2018-06-13 20:46:49 DEBUG StandardLogSupport:       model minecraft:models/block/birch_bark matches minecraft:block/cube_all
2018-06-13 20:46:49 DEBUG StandardLogSupport:       textures [all=blocks/log_birch, all=blocks/log_birch, all=blocks/log_birch]
2018-06-13 20:46:49 DEBUG StandardLogSupport: block state minecraft:log[axis=none,variant=jungle]
2018-06-13 20:46:49 DEBUG StandardLogSupport:       class net.minecraft.block.BlockOldLog matches net.minecraft.block.BlockLog
2018-06-13 20:46:49 DEBUG StandardLogSupport:       model minecraft:models/block/jungle_bark matches minecraft:block/cube_all
2018-06-13 20:46:49 DEBUG StandardLogSupport:       textures [all=blocks/log_jungle, all=blocks/log_jungle, all=blocks/log_jungle]
2018-06-13 20:46:49 DEBUG StandardLogSupport: block state minecraft:log2[axis=x,variant=acacia]
2018-06-13 20:46:49 DEBUG StandardLogSupport:       class net.minecraft.block.BlockNewLog matches net.minecraft.block.BlockLog
2018-06-13 20:46:49 DEBUG StandardLogSupport:       model minecraft:models/block/acacia_log matches minecraft:block/cube_column
2018-06-13 20:46:49 DEBUG StandardLogSupport:       textures [end=blocks/log_acacia_top, end=blocks/log_acacia_top, side=blocks/log_acacia]
2018-06-13 20:46:49 DEBUG StandardLogSupport: block state minecraft:log2[axis=x,variant=dark_oak]
2018-06-13 20:46:49 DEBUG StandardLogSupport:       class net.minecraft.block.BlockNewLog matches net.minecraft.block.BlockLog
2018-06-13 20:46:49 DEBUG StandardLogSupport:       model minecraft:models/block/dark_oak_log matches minecraft:block/cube_column
2018-06-13 20:46:49 DEBUG StandardLogSupport:       textures [end=blocks/log_big_oak_top, end=blocks/log_big_oak_top, side=blocks/log_big_oak]
2018-06-13 20:46:49 DEBUG StandardLogSupport: block state minecraft:log2[axis=y,variant=acacia]
2018-06-13 20:46:49 DEBUG StandardLogSupport:       class net.minecraft.block.BlockNewLog matches net.minecraft.block.BlockLog
2018-06-13 20:46:49 DEBUG StandardLogSupport:       model minecraft:models/block/acacia_log matches minecraft:block/cube_column
2018-06-13 20:46:49 DEBUG StandardLogSupport:       textures [end=blocks/log_acacia_top, end=blocks/log_acacia_top, side=blocks/log_acacia]
2018-06-13 20:46:49 DEBUG StandardLogSupport: block state minecraft:log2[axis=y,variant=dark_oak]
2018-06-13 20:46:49 DEBUG StandardLogSupport:       class net.minecraft.block.BlockNewLog matches net.minecraft.block.BlockLog
2018-06-13 20:46:49 DEBUG StandardLogSupport:       model minecraft:models/block/dark_oak_log matches minecraft:block/cube_column
2018-06-13 20:46:49 DEBUG StandardLogSupport:       textures [end=blocks/log_big_oak_top, end=blocks/log_big_oak_top, side=blocks/log_big_oak]
2018-06-13 20:46:49 DEBUG StandardLogSupport: block state minecraft:log2[axis=z,variant=acacia]
2018-06-13 20:46:49 DEBUG StandardLogSupport:       class net.minecraft.block.BlockNewLog matches net.minecraft.block.BlockLog
2018-06-13 20:46:49 DEBUG StandardLogSupport:       model minecraft:models/block/acacia_log matches minecraft:block/cube_column
2018-06-13 20:46:49 DEBUG StandardLogSupport:       textures [end=blocks/log_acacia_top, end=blocks/log_acacia_top, side=blocks/log_acacia]
2018-06-13 20:46:49 DEBUG StandardLogSupport: block state minecraft:log2[axis=z,variant=dark_oak]
2018-06-13 20:46:49 DEBUG StandardLogSupport:       class net.minecraft.block.BlockNewLog matches net.minecraft.block.BlockLog
2018-06-13 20:46:49 DEBUG StandardLogSupport:       model minecraft:models/block/dark_oak_log matches minecraft:block/cube_column
2018-06-13 20:46:49 DEBUG StandardLogSupport:       textures [end=blocks/log_big_oak_top, end=blocks/log_big_oak_top, side=blocks/log_big_oak]
2018-06-13 20:46:49 DEBUG StandardLogSupport: block state minecraft:log2[axis=none,variant=acacia]
2018-06-13 20:46:49 DEBUG StandardLogSupport:       class net.minecraft.block.BlockNewLog matches net.minecraft.block.BlockLog
2018-06-13 20:46:49 DEBUG StandardLogSupport:       model minecraft:models/block/acacia_bark matches minecraft:block/cube_all
2018-06-13 20:46:49 DEBUG StandardLogSupport:       textures [all=blocks/log_acacia, all=blocks/log_acacia, all=blocks/log_acacia]
2018-06-13 20:46:49 DEBUG StandardLogSupport: block state minecraft:log2[axis=none,variant=dark_oak]
2018-06-13 20:46:49 DEBUG StandardLogSupport:       class net.minecraft.block.BlockNewLog matches net.minecraft.block.BlockLog
2018-06-13 20:46:49 DEBUG StandardLogSupport:       model minecraft:models/block/dark_oak_bark matches minecraft:block/cube_all
2018-06-13 20:46:49 DEBUG StandardLogSupport:       textures [all=blocks/log_big_oak, all=blocks/log_big_oak, all=blocks/log_big_oak]
2018-06-13 20:46:50 INFO Registered 5 grass textures
2018-06-13 20:46:50 INFO Registered 2 snowed grass textures
2018-06-13 20:46:50 INFO Registered 4 mycelium textures
2018-06-13 20:46:50 INFO Registered 2 cactus arm textures
2018-06-13 20:46:50 INFO Registered 3 lilypad root textures
2018-06-13 20:46:50 INFO Registered 2 lilypad flower textures
2018-06-13 20:46:50 INFO Registered 4 reed textures
2018-06-13 20:46:50 INFO Registered 4 algae textures
2018-06-13 20:46:50 INFO Registered 6 coral textures
2018-06-13 20:46:50 INFO Registered 4 coral crust textures
2018-06-13 20:46:50 INFO Registered 3 netherrack textures
2018-06-13 20:46:50 INFO Registered 2 soul particle textures
2018-06-13 20:46:50 DEBUG StandardLeafSupport: leaf texture   minecraft:blocks/leaves_oak
2018-06-13 20:46:50 DEBUG StandardLeafSupport:      #variants 4
2018-06-13 20:46:50 DEBUG StandardLeafSupport:      #states   4
2018-06-13 20:46:50 DEBUG StandardLeafSupport:      particle default
2018-06-13 20:46:50 DEBUG StandardLeafSupport: leaf texture   minecraft:blocks/leaves_spruce
2018-06-13 20:46:50 DEBUG StandardLeafSupport:      #variants 4
2018-06-13 20:46:50 DEBUG StandardLeafSupport:      #states   4
2018-06-13 20:46:50 DEBUG StandardLeafSupport:      particle spruce
2018-06-13 20:46:50 DEBUG StandardLeafSupport: leaf texture   minecraft:blocks/leaves_birch
2018-06-13 20:46:50 DEBUG StandardLeafSupport:      #variants 4
2018-06-13 20:46:50 DEBUG StandardLeafSupport:      #states   4
2018-06-13 20:46:50 DEBUG StandardLeafSupport:      particle default
2018-06-13 20:46:50 DEBUG StandardLeafSupport: leaf texture   minecraft:blocks/leaves_jungle
2018-06-13 20:46:50 DEBUG StandardLeafSupport:      #variants 4
2018-06-13 20:46:50 DEBUG StandardLeafSupport:      #states   4
2018-06-13 20:46:50 DEBUG StandardLeafSupport:      particle jungle
2018-06-13 20:46:50 DEBUG StandardLeafSupport: leaf texture   minecraft:blocks/leaves_acacia
2018-06-13 20:46:50 DEBUG StandardLeafSupport:      #variants 4
2018-06-13 20:46:50 DEBUG StandardLeafSupport:      #states   4
2018-06-13 20:46:50 DEBUG StandardLeafSupport:      particle default
2018-06-13 20:46:50 DEBUG StandardLeafSupport: leaf texture   minecraft:blocks/leaves_big_oak
2018-06-13 20:46:50 DEBUG StandardLeafSupport:      #variants 4
2018-06-13 20:46:50 DEBUG StandardLeafSupport:      #states   4
2018-06-13 20:46:50 DEBUG StandardLeafSupport:      particle default
2018-06-13 20:46:50 DEBUG StandardGrassSupport: texture minecraft:blocks/grass_top
2018-06-13 20:46:50 DEBUG StandardGrassSupport:         saturation 0.0 < 0.1, using block color
2018-06-13 20:59:56 DEBUG CactusTextures: block state minecraft:cactus[age=0]
2018-06-13 20:59:56 DEBUG CactusTextures:       class net.minecraft.block.BlockCactus matches net.minecraft.block.BlockCactus
2018-06-13 20:59:56 DEBUG CactusTextures:       model minecraft:models/block/cactus matches minecraft:block/cactus
2018-06-13 20:59:56 DEBUG CactusTextures:       textures [top=blocks/cactus_top, bottom=blocks/cactus_bottom, side=blocks/cactus_side]
2018-06-13 20:59:56 DEBUG CactusTextures: block state minecraft:cactus[age=1]
2018-06-13 20:59:56 DEBUG CactusTextures:       class net.minecraft.block.BlockCactus matches net.minecraft.block.BlockCactus
2018-06-13 20:59:56 DEBUG CactusTextures:       model minecraft:models/block/cactus matches minecraft:block/cactus
2018-06-13 20:59:56 DEBUG CactusTextures:       textures [top=blocks/cactus_top, bottom=blocks/cactus_bottom, side=blocks/cactus_side]
2018-06-13 20:59:56 DEBUG CactusTextures: block state minecraft:cactus[age=2]
2018-06-13 20:59:56 DEBUG CactusTextures:       class net.minecraft.block.BlockCactus matches net.minecraft.block.BlockCactus
2018-06-13 20:59:56 DEBUG CactusTextures:       model minecraft:models/block/cactus matches minecraft:block/cactus
2018-06-13 20:59:56 DEBUG CactusTextures:       textures [top=blocks/cactus_top, bottom=blocks/cactus_bottom, side=blocks/cactus_side]
2018-06-13 20:59:56 DEBUG CactusTextures: block state minecraft:cactus[age=3]
2018-06-13 20:59:56 DEBUG CactusTextures:       class net.minecraft.block.BlockCactus matches net.minecraft.block.BlockCactus
2018-06-13 20:59:56 DEBUG CactusTextures:       model minecraft:models/block/cactus matches minecraft:block/cactus
2018-06-13 20:59:56 DEBUG CactusTextures:       textures [top=blocks/cactus_top, bottom=blocks/cactus_bottom, side=blocks/cactus_side]
2018-06-13 20:59:56 DEBUG CactusTextures: block state minecraft:cactus[age=4]
2018-06-13 20:59:56 DEBUG CactusTextures:       class net.minecraft.block.BlockCactus matches net.minecraft.block.BlockCactus
2018-06-13 20:59:56 DEBUG CactusTextures:       model minecraft:models/block/cactus matches minecraft:block/cactus
2018-06-13 20:59:56 DEBUG CactusTextures:       textures [top=blocks/cactus_top, bottom=blocks/cactus_bottom, side=blocks/cactus_side]
2018-06-13 20:59:56 DEBUG CactusTextures: block state minecraft:cactus[age=5]
2018-06-13 20:59:56 DEBUG CactusTextures:       class net.minecraft.block.BlockCactus matches net.minecraft.block.BlockCactus
2018-06-13 20:59:56 DEBUG CactusTextures:       model minecraft:models/block/cactus matches minecraft:block/cactus
2018-06-13 20:59:56 DEBUG CactusTextures:       textures [top=blocks/cactus_top, bottom=blocks/cactus_bottom, side=blocks/cactus_side]
2018-06-13 20:59:56 DEBUG CactusTextures: block state minecraft:cactus[age=6]
2018-06-13 20:59:56 DEBUG CactusTextures:       class net.minecraft.block.BlockCactus matches net.minecraft.block.BlockCactus
2018-06-13 20:59:56 DEBUG CactusTextures:       model minecraft:models/block/cactus matches minecraft:block/cactus
2018-06-13 20:59:56 DEBUG CactusTextures:       textures [top=blocks/cactus_top, bottom=blocks/cactus_bottom, side=blocks/cactus_side]
2018-06-13 20:59:56 DEBUG CactusTextures: block state minecraft:cactus[age=7]
2018-06-13 20:59:56 DEBUG CactusTextures:       class net.minecraft.block.BlockCactus matches net.minecraft.block.BlockCactus
2018-06-13 20:59:56 DEBUG CactusTextures:       model minecraft:models/block/cactus matches minecraft:block/cactus
2018-06-13 20:59:56 DEBUG CactusTextures:       textures [top=blocks/cactus_top, bottom=blocks/cactus_bottom, side=blocks/cactus_side]
2018-06-13 20:59:56 DEBUG CactusTextures: block state minecraft:cactus[age=8]
2018-06-13 20:59:56 DEBUG CactusTextures:       class net.minecraft.block.BlockCactus matches net.minecraft.block.BlockCactus
2018-06-13 20:59:56 DEBUG CactusTextures:       model minecraft:models/block/cactus matches minecraft:block/cactus
2018-06-13 20:59:56 DEBUG CactusTextures:       textures [top=blocks/cactus_top, bottom=blocks/cactus_bottom, side=blocks/cactus_side]
2018-06-13 20:59:56 DEBUG CactusTextures: block state minecraft:cactus[age=9]
2018-06-13 20:59:56 DEBUG CactusTextures:       class net.minecraft.block.BlockCactus matches net.minecraft.block.BlockCactus
2018-06-13 20:59:56 DEBUG CactusTextures:       model minecraft:models/block/cactus matches minecraft:block/cactus
2018-06-13 20:59:56 DEBUG CactusTextures:       textures [top=blocks/cactus_top, bottom=blocks/cactus_bottom, side=blocks/cactus_side]
2018-06-13 20:59:56 DEBUG CactusTextures: block state minecraft:cactus[age=10]
2018-06-13 20:59:56 DEBUG CactusTextures:       class net.minecraft.block.BlockCactus matches net.minecraft.block.BlockCactus
2018-06-13 20:59:56 DEBUG CactusTextures:       model minecraft:models/block/cactus matches minecraft:block/cactus
2018-06-13 20:59:56 DEBUG CactusTextures:       textures [top=blocks/cactus_top, bottom=blocks/cactus_bottom, side=blocks/cactus_side]
2018-06-13 20:59:56 DEBUG CactusTextures: block state minecraft:cactus[age=11]
2018-06-13 20:59:56 DEBUG CactusTextures:       class net.minecraft.block.BlockCactus matches net.minecraft.block.BlockCactus
2018-06-13 20:59:56 DEBUG CactusTextures:       model minecraft:models/block/cactus matches minecraft:block/cactus
2018-06-13 20:59:56 DEBUG CactusTextures:       textures [top=blocks/cactus_top, bottom=blocks/cactus_bottom, side=blocks/cactus_side]
2018-06-13 20:59:56 DEBUG CactusTextures: block state minecraft:cactus[age=12]
2018-06-13 20:59:56 DEBUG CactusTextures:       class net.minecraft.block.BlockCactus matches net.minecraft.block.BlockCactus
2018-06-13 20:59:56 DEBUG CactusTextures:       model minecraft:models/block/cactus matches minecraft:block/cactus
2018-06-13 20:59:56 DEBUG CactusTextures:       textures [top=blocks/cactus_top, bottom=blocks/cactus_bottom, side=blocks/cactus_side]
2018-06-13 20:59:56 DEBUG CactusTextures: block state minecraft:cactus[age=13]
2018-06-13 20:59:56 DEBUG CactusTextures:       class net.minecraft.block.BlockCactus matches net.minecraft.block.BlockCactus
2018-06-13 20:59:56 DEBUG CactusTextures:       model minecraft:models/block/cactus matches minecraft:block/cactus
2018-06-13 20:59:56 DEBUG CactusTextures:       textures [top=blocks/cactus_top, bottom=blocks/cactus_bottom, side=blocks/cactus_side]
2018-06-13 20:59:56 DEBUG CactusTextures: block state minecraft:cactus[age=14]
2018-06-13 20:59:56 DEBUG CactusTextures:       class net.minecraft.block.BlockCactus matches net.minecraft.block.BlockCactus
2018-06-13 20:59:56 DEBUG CactusTextures:       model minecraft:models/block/cactus matches minecraft:block/cactus
2018-06-13 20:59:56 DEBUG CactusTextures:       textures [top=blocks/cactus_top, bottom=blocks/cactus_bottom, side=blocks/cactus_side]
2018-06-13 20:59:56 DEBUG CactusTextures: block state minecraft:cactus[age=15]
2018-06-13 20:59:56 DEBUG CactusTextures:       class net.minecraft.block.BlockCactus matches net.minecraft.block.BlockCactus
2018-06-13 20:59:56 DEBUG CactusTextures:       model minecraft:models/block/cactus matches minecraft:block/cactus
2018-06-13 20:59:56 DEBUG CactusTextures:       textures [top=blocks/cactus_top, bottom=blocks/cactus_bottom, side=blocks/cactus_side]
2018-06-13 20:59:56 DEBUG StandardLeafSupport: block state minecraft:leaves[check_decay=true,decayable=true,variant=oak]
2018-06-13 20:59:56 DEBUG StandardLeafSupport:       class net.minecraft.block.BlockOldLeaf matches net.minecraft.block.BlockLeaves
2018-06-13 20:59:56 DEBUG StandardLeafSupport:       model minecraft:models/block/oak_leaves matches minecraft:block/leaves
2018-06-13 20:59:56 DEBUG StandardLeafSupport:       textures [all=blocks/leaves_oak]
2018-06-13 20:59:56 DEBUG StandardLeafSupport: block state minecraft:leaves[check_decay=true,decayable=true,variant=spruce]
2018-06-13 20:59:56 DEBUG StandardLeafSupport:       class net.minecraft.block.BlockOldLeaf matches net.minecraft.block.BlockLeaves
2018-06-13 20:59:56 DEBUG StandardLeafSupport:       model minecraft:models/block/spruce_leaves matches minecraft:block/leaves
2018-06-13 20:59:56 DEBUG StandardLeafSupport:       textures [all=blocks/leaves_spruce]
2018-06-13 20:59:56 DEBUG StandardLeafSupport: block state minecraft:leaves[check_decay=true,decayable=true,variant=birch]
2018-06-13 20:59:56 DEBUG StandardLeafSupport:       class net.minecraft.block.BlockOldLeaf matches net.minecraft.block.BlockLeaves
2018-06-13 20:59:56 DEBUG StandardLeafSupport:       model minecraft:models/block/birch_leaves matches minecraft:block/leaves
2018-06-13 20:59:56 DEBUG StandardLeafSupport:       textures [all=blocks/leaves_birch]
2018-06-13 20:59:56 DEBUG StandardLeafSupport: block state minecraft:leaves[check_decay=true,decayable=true,variant=jungle]
2018-06-13 20:59:56 DEBUG StandardLeafSupport:       class net.minecraft.block.BlockOldLeaf matches net.minecraft.block.BlockLeaves
2018-06-13 20:59:56 DEBUG StandardLeafSupport:       model minecraft:models/block/jungle_leaves matches minecraft:block/leaves
2018-06-13 20:59:56 DEBUG StandardLeafSupport:       textures [all=blocks/leaves_jungle]
2018-06-13 20:59:56 DEBUG StandardLeafSupport: block state minecraft:leaves[check_decay=true,decayable=false,variant=oak]
2018-06-13 20:59:56 DEBUG StandardLeafSupport:       class net.minecraft.block.BlockOldLeaf matches net.minecraft.block.BlockLeaves
2018-06-13 20:59:56 DEBUG StandardLeafSupport:       model minecraft:models/block/oak_leaves matches minecraft:block/leaves
2018-06-13 20:59:56 DEBUG StandardLeafSupport:       textures [all=blocks/leaves_oak]
2018-06-13 20:59:56 DEBUG StandardLeafSupport: block state minecraft:leaves[check_decay=true,decayable=false,variant=spruce]
2018-06-13 20:59:56 DEBUG StandardLeafSupport:       class net.minecraft.block.BlockOldLeaf matches net.minecraft.block.BlockLeaves
2018-06-13 20:59:56 DEBUG StandardLeafSupport:       model minecraft:models/block/spruce_leaves matches minecraft:block/leaves
2018-06-13 20:59:56 DEBUG StandardLeafSupport:       textures [all=blocks/leaves_spruce]
2018-06-13 20:59:56 DEBUG StandardLeafSupport: block state minecraft:leaves[check_decay=true,decayable=false,variant=birch]
2018-06-13 20:59:56 DEBUG StandardLeafSupport:       class net.minecraft.block.BlockOldLeaf matches net.minecraft.block.BlockLeaves
2018-06-13 20:59:56 DEBUG StandardLeafSupport:       model minecraft:models/block/birch_leaves matches minecraft:block/leaves
2018-06-13 20:59:56 DEBUG StandardLeafSupport:       textures [all=blocks/leaves_birch]
2018-06-13 20:59:56 DEBUG StandardLeafSupport: block state minecraft:leaves[check_decay=true,decayable=false,variant=jungle]
2018-06-13 20:59:56 DEBUG StandardLeafSupport:       class net.minecraft.block.BlockOldLeaf matches net.minecraft.block.BlockLeaves
2018-06-13 20:59:56 DEBUG StandardLeafSupport:       model minecraft:models/block/jungle_leaves matches minecraft:block/leaves
2018-06-13 20:59:56 DEBUG StandardLeafSupport:       textures [all=blocks/leaves_jungle]
2018-06-13 20:59:56 DEBUG StandardLeafSupport: block state minecraft:leaves[check_decay=false,decayable=true,variant=oak]
2018-06-13 20:59:56 DEBUG StandardLeafSupport:       class net.minecraft.block.BlockOldLeaf matches net.minecraft.block.BlockLeaves
2018-06-13 20:59:56 DEBUG StandardLeafSupport:       model minecraft:models/block/oak_leaves matches minecraft:block/leaves
2018-06-13 20:59:56 DEBUG StandardLeafSupport:       textures [all=blocks/leaves_oak]
2018-06-13 20:59:56 DEBUG StandardLeafSupport: block state minecraft:leaves[check_decay=false,decayable=true,variant=spruce]
2018-06-13 20:59:56 DEBUG StandardLeafSupport:       class net.minecraft.block.BlockOldLeaf matches net.minecraft.block.BlockLeaves
2018-06-13 20:59:56 DEBUG StandardLeafSupport:       model minecraft:models/block/spruce_leaves matches minecraft:block/leaves
2018-06-13 20:59:56 DEBUG StandardLeafSupport:       textures [all=blocks/leaves_spruce]
2018-06-13 20:59:56 DEBUG StandardLeafSupport: block state minecraft:leaves[check_decay=false,decayable=true,variant=birch]
2018-06-13 20:59:56 DEBUG StandardLeafSupport:       class net.minecraft.block.BlockOldLeaf matches net.minecraft.block.BlockLeaves
2018-06-13 20:59:56 DEBUG StandardLeafSupport:       model minecraft:models/block/birch_leaves matches minecraft:block/leaves
2018-06-13 20:59:56 DEBUG StandardLeafSupport:       textures [all=blocks/leaves_birch]
2018-06-13 20:59:56 DEBUG StandardLeafSupport: block state minecraft:leaves[check_decay=false,decayable=true,variant=jungle]
2018-06-13 20:59:56 DEBUG StandardLeafSupport:       class net.minecraft.block.BlockOldLeaf matches net.minecraft.block.BlockLeaves
2018-06-13 20:59:56 DEBUG StandardLeafSupport:       model minecraft:models/block/jungle_leaves matches minecraft:block/leaves
2018-06-13 20:59:56 DEBUG StandardLeafSupport:       textures [all=blocks/leaves_jungle]
2018-06-13 20:59:56 DEBUG StandardLeafSupport: block state minecraft:leaves[check_decay=false,decayable=false,variant=oak]
2018-06-13 20:59:56 DEBUG StandardLeafSupport:       class net.minecraft.block.BlockOldLeaf matches net.minecraft.block.BlockLeaves
2018-06-13 20:59:56 DEBUG StandardLeafSupport:       model minecraft:models/block/oak_leaves matches minecraft:block/leaves
2018-06-13 20:59:56 DEBUG StandardLeafSupport:       textures [all=blocks/leaves_oak]
2018-06-13 20:59:56 DEBUG StandardLeafSupport: block state minecraft:leaves[check_decay=false,decayable=false,variant=spruce]
2018-06-13 20:59:56 DEBUG StandardLeafSupport:       class net.minecraft.block.BlockOldLeaf matches net.minecraft.block.BlockLeaves
2018-06-13 20:59:56 DEBUG StandardLeafSupport:       model minecraft:models/block/spruce_leaves matches minecraft:block/leaves
2018-06-13 20:59:56 DEBUG StandardLeafSupport:       textures [all=blocks/leaves_spruce]
2018-06-13 20:59:56 DEBUG StandardLeafSupport: block state minecraft:leaves[check_decay=false,decayable=false,variant=birch]
2018-06-13 20:59:56 DEBUG StandardLeafSupport:       class net.minecraft.block.BlockOldLeaf matches net.minecraft.block.BlockLeaves
2018-06-13 20:59:56 DEBUG StandardLeafSupport:       model minecraft:models/block/birch_leaves matches minecraft:block/leaves
2018-06-13 20:59:56 DEBUG StandardLeafSupport:       textures [all=blocks/leaves_birch]
2018-06-13 20:59:56 DEBUG StandardLeafSupport: block state minecraft:leaves[check_decay=false,decayable=false,variant=jungle]
2018-06-13 20:59:56 DEBUG StandardLeafSupport:       class net.minecraft.block.BlockOldLeaf matches net.minecraft.block.BlockLeaves
2018-06-13 20:59:56 DEBUG StandardLeafSupport:       model minecraft:models/block/jungle_leaves matches minecraft:block/leaves
2018-06-13 20:59:56 DEBUG StandardLeafSupport:       textures [all=blocks/leaves_jungle]
2018-06-13 20:59:56 DEBUG StandardLeafSupport: block state minecraft:leaves2[check_decay=true,decayable=true,variant=acacia]
2018-06-13 20:59:56 DEBUG StandardLeafSupport:       class net.minecraft.block.BlockNewLeaf matches net.minecraft.block.BlockLeaves
2018-06-13 20:59:56 DEBUG StandardLeafSupport:       model minecraft:models/block/acacia_leaves matches minecraft:block/leaves
2018-06-13 20:59:56 DEBUG StandardLeafSupport:       textures [all=blocks/leaves_acacia]
2018-06-13 20:59:56 DEBUG StandardLeafSupport: block state minecraft:leaves2[check_decay=true,decayable=true,variant=dark_oak]
2018-06-13 20:59:56 DEBUG StandardLeafSupport:       class net.minecraft.block.BlockNewLeaf matches net.minecraft.block.BlockLeaves
2018-06-13 20:59:56 DEBUG StandardLeafSupport:       model minecraft:models/block/dark_oak_leaves matches minecraft:block/leaves
2018-06-13 20:59:56 DEBUG StandardLeafSupport:       textures [all=blocks/leaves_big_oak]
2018-06-13 20:59:56 DEBUG StandardLeafSupport: block state minecraft:leaves2[check_decay=true,decayable=false,variant=acacia]
2018-06-13 20:59:56 DEBUG StandardLeafSupport:       class net.minecraft.block.BlockNewLeaf matches net.minecraft.block.BlockLeaves
2018-06-13 20:59:56 DEBUG StandardLeafSupport:       model minecraft:models/block/acacia_leaves matches minecraft:block/leaves
2018-06-13 20:59:56 DEBUG StandardLeafSupport:       textures [all=blocks/leaves_acacia]
2018-06-13 20:59:56 DEBUG StandardLeafSupport: block state minecraft:leaves2[check_decay=true,decayable=false,variant=dark_oak]
2018-06-13 20:59:56 DEBUG StandardLeafSupport:       class net.minecraft.block.BlockNewLeaf matches net.minecraft.block.BlockLeaves
2018-06-13 20:59:56 DEBUG StandardLeafSupport:       model minecraft:models/block/dark_oak_leaves matches minecraft:block/leaves
2018-06-13 20:59:56 DEBUG StandardLeafSupport:       textures [all=blocks/leaves_big_oak]
2018-06-13 20:59:56 DEBUG StandardLeafSupport: block state minecraft:leaves2[check_decay=false,decayable=true,variant=acacia]
2018-06-13 20:59:56 DEBUG StandardLeafSupport:       class net.minecraft.block.BlockNewLeaf matches net.minecraft.block.BlockLeaves
2018-06-13 20:59:56 DEBUG StandardLeafSupport:       model minecraft:models/block/acacia_leaves matches minecraft:block/leaves
2018-06-13 20:59:56 DEBUG StandardLeafSupport:       textures [all=blocks/leaves_acacia]
2018-06-13 20:59:56 DEBUG StandardLeafSupport: block state minecraft:leaves2[check_decay=false,decayable=true,variant=dark_oak]
2018-06-13 20:59:56 DEBUG StandardLeafSupport:       class net.minecraft.block.BlockNewLeaf matches net.minecraft.block.BlockLeaves
2018-06-13 20:59:56 DEBUG StandardLeafSupport:       model minecraft:models/block/dark_oak_leaves matches minecraft:block/leaves
2018-06-13 20:59:56 DEBUG StandardLeafSupport:       textures [all=blocks/leaves_big_oak]
2018-06-13 20:59:56 DEBUG StandardLeafSupport: block state minecraft:leaves2[check_decay=false,decayable=false,variant=acacia]
2018-06-13 20:59:56 DEBUG StandardLeafSupport:       class net.minecraft.block.BlockNewLeaf matches net.minecraft.block.BlockLeaves
2018-06-13 20:59:56 DEBUG StandardLeafSupport:       model minecraft:models/block/acacia_leaves matches minecraft:block/leaves
2018-06-13 20:59:56 DEBUG StandardLeafSupport:       textures [all=blocks/leaves_acacia]
2018-06-13 20:59:56 DEBUG StandardLeafSupport: block state minecraft:leaves2[check_decay=false,decayable=false,variant=dark_oak]
2018-06-13 20:59:56 DEBUG StandardLeafSupport:       class net.minecraft.block.BlockNewLeaf matches net.minecraft.block.BlockLeaves
2018-06-13 20:59:56 DEBUG StandardLeafSupport:       model minecraft:models/block/dark_oak_leaves matches minecraft:block/leaves
2018-06-13 20:59:56 DEBUG StandardLeafSupport:       textures [all=blocks/leaves_big_oak]
2018-06-13 20:59:56 DEBUG StandardGrassSupport: block state minecraft:grass[snowy=true]
2018-06-13 20:59:56 DEBUG StandardGrassSupport:       class net.minecraft.block.BlockGrass matches net.minecraft.block.BlockGrass
2018-06-13 20:59:56 DEBUG StandardGrassSupport:       model minecraft:models/block/grass_snowed matches minecraft:block/cube_bottom_top
2018-06-13 20:59:56 DEBUG StandardGrassSupport:       textures [top=blocks/grass_top]
2018-06-13 20:59:56 DEBUG StandardGrassSupport: block state minecraft:grass[snowy=false]
2018-06-13 20:59:56 DEBUG StandardGrassSupport:       class net.minecraft.block.BlockGrass matches net.minecraft.block.BlockGrass
2018-06-13 20:59:56 DEBUG StandardGrassSupport:       model minecraft:models/block/grass_normal matches minecraft:block/grass
2018-06-13 20:59:56 DEBUG StandardGrassSupport:       textures [top=blocks/grass_top]
2018-06-13 20:59:56 DEBUG StandardLogSupport: block state minecraft:log[axis=x,variant=oak]
2018-06-13 20:59:56 DEBUG StandardLogSupport:       class net.minecraft.block.BlockOldLog matches net.minecraft.block.BlockLog
2018-06-13 20:59:56 DEBUG StandardLogSupport:       model minecraft:models/block/oak_log matches minecraft:block/cube_column
2018-06-13 20:59:56 DEBUG StandardLogSupport:       textures [end=blocks/log_oak_top, end=blocks/log_oak_top, side=blocks/log_oak]
2018-06-13 20:59:56 DEBUG StandardLogSupport: block state minecraft:log[axis=x,variant=spruce]
2018-06-13 20:59:56 DEBUG StandardLogSupport:       class net.minecraft.block.BlockOldLog matches net.minecraft.block.BlockLog
2018-06-13 20:59:56 DEBUG StandardLogSupport:       model minecraft:models/block/spruce_log matches minecraft:block/cube_column
2018-06-13 20:59:56 DEBUG StandardLogSupport:       textures [end=blocks/log_spruce_top, end=blocks/log_spruce_top, side=blocks/log_spruce]
2018-06-13 20:59:56 DEBUG StandardLogSupport: block state minecraft:log[axis=x,variant=birch]
2018-06-13 20:59:56 DEBUG StandardLogSupport:       class net.minecraft.block.BlockOldLog matches net.minecraft.block.BlockLog
2018-06-13 20:59:56 DEBUG StandardLogSupport:       model minecraft:models/block/birch_log matches minecraft:block/cube_column
2018-06-13 20:59:56 DEBUG StandardLogSupport:       textures [end=blocks/log_birch_top, end=blocks/log_birch_top, side=blocks/log_birch]
2018-06-13 20:59:56 DEBUG StandardLogSupport: block state minecraft:log[axis=x,variant=jungle]
2018-06-13 20:59:56 DEBUG StandardLogSupport:       class net.minecraft.block.BlockOldLog matches net.minecraft.block.BlockLog
2018-06-13 20:59:56 DEBUG StandardLogSupport:       model minecraft:models/block/jungle_log matches minecraft:block/cube_column
2018-06-13 20:59:56 DEBUG StandardLogSupport:       textures [end=blocks/log_jungle_top, end=blocks/log_jungle_top, side=blocks/log_jungle]
2018-06-13 20:59:56 DEBUG StandardLogSupport: block state minecraft:log[axis=y,variant=oak]
2018-06-13 20:59:56 DEBUG StandardLogSupport:       class net.minecraft.block.BlockOldLog matches net.minecraft.block.BlockLog
2018-06-13 20:59:56 DEBUG StandardLogSupport:       model minecraft:models/block/oak_log matches minecraft:block/cube_column
2018-06-13 20:59:56 DEBUG StandardLogSupport:       textures [end=blocks/log_oak_top, end=blocks/log_oak_top, side=blocks/log_oak]
2018-06-13 20:59:56 DEBUG StandardLogSupport: block state minecraft:log[axis=y,variant=spruce]
2018-06-13 20:59:56 DEBUG StandardLogSupport:       class net.minecraft.block.BlockOldLog matches net.minecraft.block.BlockLog
2018-06-13 20:59:56 DEBUG StandardLogSupport:       model minecraft:models/block/spruce_log matches minecraft:block/cube_column
2018-06-13 20:59:56 DEBUG StandardLogSupport:       textures [end=blocks/log_spruce_top, end=blocks/log_spruce_top, side=blocks/log_spruce]
2018-06-13 20:59:56 DEBUG StandardLogSupport: block state minecraft:log[axis=y,variant=birch]
2018-06-13 20:59:56 DEBUG StandardLogSupport:       class net.minecraft.block.BlockOldLog matches net.minecraft.block.BlockLog
2018-06-13 20:59:56 DEBUG StandardLogSupport:       model minecraft:models/block/birch_log matches minecraft:block/cube_column
2018-06-13 20:59:56 DEBUG StandardLogSupport:       textures [end=blocks/log_birch_top, end=blocks/log_birch_top, side=blocks/log_birch]
2018-06-13 20:59:56 DEBUG StandardLogSupport: block state minecraft:log[axis=y,variant=jungle]
2018-06-13 20:59:56 DEBUG StandardLogSupport:       class net.minecraft.block.BlockOldLog matches net.minecraft.block.BlockLog
2018-06-13 20:59:56 DEBUG StandardLogSupport:       model minecraft:models/block/jungle_log matches minecraft:block/cube_column
2018-06-13 20:59:56 DEBUG StandardLogSupport:       textures [end=blocks/log_jungle_top, end=blocks/log_jungle_top, side=blocks/log_jungle]
2018-06-13 20:59:56 DEBUG StandardLogSupport: block state minecraft:log[axis=z,variant=oak]
2018-06-13 20:59:56 DEBUG StandardLogSupport:       class net.minecraft.block.BlockOldLog matches net.minecraft.block.BlockLog
2018-06-13 20:59:56 DEBUG StandardLogSupport:       model minecraft:models/block/oak_log matches minecraft:block/cube_column
2018-06-13 20:59:56 DEBUG StandardLogSupport:       textures [end=blocks/log_oak_top, end=blocks/log_oak_top, side=blocks/log_oak]
2018-06-13 20:59:56 DEBUG StandardLogSupport: block state minecraft:log[axis=z,variant=spruce]
2018-06-13 20:59:56 DEBUG StandardLogSupport:       class net.minecraft.block.BlockOldLog matches net.minecraft.block.BlockLog
2018-06-13 20:59:56 DEBUG StandardLogSupport:       model minecraft:models/block/spruce_log matches minecraft:block/cube_column
2018-06-13 20:59:56 DEBUG StandardLogSupport:       textures [end=blocks/log_spruce_top, end=blocks/log_spruce_top, side=blocks/log_spruce]
2018-06-13 20:59:56 DEBUG StandardLogSupport: block state minecraft:log[axis=z,variant=birch]
2018-06-13 20:59:56 DEBUG StandardLogSupport:       class net.minecraft.block.BlockOldLog matches net.minecraft.block.BlockLog
2018-06-13 20:59:56 DEBUG StandardLogSupport:       model minecraft:models/block/birch_log matches minecraft:block/cube_column
2018-06-13 20:59:56 DEBUG StandardLogSupport:       textures [end=blocks/log_birch_top, end=blocks/log_birch_top, side=blocks/log_birch]
2018-06-13 20:59:56 DEBUG StandardLogSupport: block state minecraft:log[axis=z,variant=jungle]
2018-06-13 20:59:56 DEBUG StandardLogSupport:       class net.minecraft.block.BlockOldLog matches net.minecraft.block.BlockLog
2018-06-13 20:59:56 DEBUG StandardLogSupport:       model minecraft:models/block/jungle_log matches minecraft:block/cube_column
2018-06-13 20:59:56 DEBUG StandardLogSupport:       textures [end=blocks/log_jungle_top, end=blocks/log_jungle_top, side=blocks/log_jungle]
2018-06-13 20:59:56 DEBUG StandardLogSupport: block state minecraft:log[axis=none,variant=oak]
2018-06-13 20:59:56 DEBUG StandardLogSupport:       class net.minecraft.block.BlockOldLog matches net.minecraft.block.BlockLog
2018-06-13 20:59:56 DEBUG StandardLogSupport:       model minecraft:models/block/oak_bark matches minecraft:block/cube_all
2018-06-13 20:59:56 DEBUG StandardLogSupport:       textures [all=blocks/log_oak, all=blocks/log_oak, all=blocks/log_oak]
2018-06-13 20:59:56 DEBUG StandardLogSupport: block state minecraft:log[axis=none,variant=spruce]
2018-06-13 20:59:56 DEBUG StandardLogSupport:       class net.minecraft.block.BlockOldLog matches net.minecraft.block.BlockLog
2018-06-13 20:59:56 DEBUG StandardLogSupport:       model minecraft:models/block/spruce_bark matches minecraft:block/cube_all
2018-06-13 20:59:56 DEBUG StandardLogSupport:       textures [all=blocks/log_spruce, all=blocks/log_spruce, all=blocks/log_spruce]
2018-06-13 20:59:56 DEBUG StandardLogSupport: block state minecraft:log[axis=none,variant=birch]
2018-06-13 20:59:56 DEBUG StandardLogSupport:       class net.minecraft.block.BlockOldLog matches net.minecraft.block.BlockLog
2018-06-13 20:59:56 DEBUG StandardLogSupport:       model minecraft:models/block/birch_bark matches minecraft:block/cube_all
2018-06-13 20:59:56 DEBUG StandardLogSupport:       textures [all=blocks/log_birch, all=blocks/log_birch, all=blocks/log_birch]
2018-06-13 20:59:56 DEBUG StandardLogSupport: block state minecraft:log[axis=none,variant=jungle]
2018-06-13 20:59:56 DEBUG StandardLogSupport:       class net.minecraft.block.BlockOldLog matches net.minecraft.block.BlockLog
2018-06-13 20:59:56 DEBUG StandardLogSupport:       model minecraft:models/block/jungle_bark matches minecraft:block/cube_all
2018-06-13 20:59:56 DEBUG StandardLogSupport:       textures [all=blocks/log_jungle, all=blocks/log_jungle, all=blocks/log_jungle]
2018-06-13 20:59:56 DEBUG StandardLogSupport: block state minecraft:log2[axis=x,variant=acacia]
2018-06-13 20:59:56 DEBUG StandardLogSupport:       class net.minecraft.block.BlockNewLog matches net.minecraft.block.BlockLog
2018-06-13 20:59:56 DEBUG StandardLogSupport:       model minecraft:models/block/acacia_log matches minecraft:block/cube_column
2018-06-13 20:59:56 DEBUG StandardLogSupport:       textures [end=blocks/log_acacia_top, end=blocks/log_acacia_top, side=blocks/log_acacia]
2018-06-13 20:59:56 DEBUG StandardLogSupport: block state minecraft:log2[axis=x,variant=dark_oak]
2018-06-13 20:59:56 DEBUG StandardLogSupport:       class net.minecraft.block.BlockNewLog matches net.minecraft.block.BlockLog
2018-06-13 20:59:56 DEBUG StandardLogSupport:       model minecraft:models/block/dark_oak_log matches minecraft:block/cube_column
2018-06-13 20:59:56 DEBUG StandardLogSupport:       textures [end=blocks/log_big_oak_top, end=blocks/log_big_oak_top, side=blocks/log_big_oak]
2018-06-13 20:59:56 DEBUG StandardLogSupport: block state minecraft:log2[axis=y,variant=acacia]
2018-06-13 20:59:56 DEBUG StandardLogSupport:       class net.minecraft.block.BlockNewLog matches net.minecraft.block.BlockLog
2018-06-13 20:59:56 DEBUG StandardLogSupport:       model minecraft:models/block/acacia_log matches minecraft:block/cube_column
2018-06-13 20:59:56 DEBUG StandardLogSupport:       textures [end=blocks/log_acacia_top, end=blocks/log_acacia_top, side=blocks/log_acacia]
2018-06-13 20:59:56 DEBUG StandardLogSupport: block state minecraft:log2[axis=y,variant=dark_oak]
2018-06-13 20:59:56 DEBUG StandardLogSupport:       class net.minecraft.block.BlockNewLog matches net.minecraft.block.BlockLog
2018-06-13 20:59:56 DEBUG StandardLogSupport:       model minecraft:models/block/dark_oak_log matches minecraft:block/cube_column
2018-06-13 20:59:56 DEBUG StandardLogSupport:       textures [end=blocks/log_big_oak_top, end=blocks/log_big_oak_top, side=blocks/log_big_oak]
2018-06-13 20:59:56 DEBUG StandardLogSupport: block state minecraft:log2[axis=z,variant=acacia]
2018-06-13 20:59:56 DEBUG StandardLogSupport:       class net.minecraft.block.BlockNewLog matches net.minecraft.block.BlockLog
2018-06-13 20:59:56 DEBUG StandardLogSupport:       model minecraft:models/block/acacia_log matches minecraft:block/cube_column
2018-06-13 20:59:56 DEBUG StandardLogSupport:       textures [end=blocks/log_acacia_top, end=blocks/log_acacia_top, side=blocks/log_acacia]
2018-06-13 20:59:56 DEBUG StandardLogSupport: block state minecraft:log2[axis=z,variant=dark_oak]
2018-06-13 20:59:56 DEBUG StandardLogSupport:       class net.minecraft.block.BlockNewLog matches net.minecraft.block.BlockLog
2018-06-13 20:59:56 DEBUG StandardLogSupport:       model minecraft:models/block/dark_oak_log matches minecraft:block/cube_column
2018-06-13 20:59:56 DEBUG StandardLogSupport:       textures [end=blocks/log_big_oak_top, end=blocks/log_big_oak_top, side=blocks/log_big_oak]
2018-06-13 20:59:56 DEBUG StandardLogSupport: block state minecraft:log2[axis=none,variant=acacia]
2018-06-13 20:59:56 DEBUG StandardLogSupport:       class net.minecraft.block.BlockNewLog matches net.minecraft.block.BlockLog
2018-06-13 20:59:56 DEBUG StandardLogSupport:       model minecraft:models/block/acacia_bark matches minecraft:block/cube_all
2018-06-13 20:59:56 DEBUG StandardLogSupport:       textures [all=blocks/log_acacia, all=blocks/log_acacia, all=blocks/log_acacia]
2018-06-13 20:59:56 DEBUG StandardLogSupport: block state minecraft:log2[axis=none,variant=dark_oak]
2018-06-13 20:59:56 DEBUG StandardLogSupport:       class net.minecraft.block.BlockNewLog matches net.minecraft.block.BlockLog
2018-06-13 20:59:56 DEBUG StandardLogSupport:       model minecraft:models/block/dark_oak_bark matches minecraft:block/cube_all
2018-06-13 20:59:56 DEBUG StandardLogSupport:       textures [all=blocks/log_big_oak, all=blocks/log_big_oak, all=blocks/log_big_oak]
2018-06-13 20:59:57 INFO Registered 5 grass textures
2018-06-13 20:59:57 INFO Registered 2 snowed grass textures
2018-06-13 20:59:57 INFO Registered 4 mycelium textures
2018-06-13 20:59:57 INFO Registered 2 cactus arm textures
2018-06-13 20:59:57 INFO Registered 3 lilypad root textures
2018-06-13 20:59:57 INFO Registered 2 lilypad flower textures
2018-06-13 20:59:57 INFO Registered 4 reed textures
2018-06-13 20:59:57 INFO Registered 4 algae textures
2018-06-13 20:59:57 INFO Registered 6 coral textures
2018-06-13 20:59:57 INFO Registered 4 coral crust textures
2018-06-13 20:59:57 INFO Registered 3 netherrack textures
2018-06-13 20:59:57 INFO Registered 2 soul particle textures
2018-06-13 20:59:57 DEBUG StandardLeafSupport: leaf texture   minecraft:blocks/leaves_oak
2018-06-13 20:59:57 DEBUG StandardLeafSupport:      #variants 4
2018-06-13 20:59:57 DEBUG StandardLeafSupport:      #states   4
2018-06-13 20:59:57 DEBUG StandardLeafSupport:      particle default
2018-06-13 20:59:57 DEBUG StandardLeafSupport: leaf texture   minecraft:blocks/leaves_spruce
2018-06-13 20:59:57 DEBUG StandardLeafSupport:      #variants 4
2018-06-13 20:59:57 DEBUG StandardLeafSupport:      #states   4
2018-06-13 20:59:57 DEBUG StandardLeafSupport:      particle spruce
2018-06-13 20:59:57 DEBUG StandardLeafSupport: leaf texture   minecraft:blocks/leaves_birch
2018-06-13 20:59:57 DEBUG StandardLeafSupport:      #variants 4
2018-06-13 20:59:57 DEBUG StandardLeafSupport:      #states   4
2018-06-13 20:59:57 DEBUG StandardLeafSupport:      particle default
2018-06-13 20:59:57 DEBUG StandardLeafSupport: leaf texture   minecraft:blocks/leaves_jungle
2018-06-13 20:59:57 DEBUG StandardLeafSupport:      #variants 4
2018-06-13 20:59:57 DEBUG StandardLeafSupport:      #states   4
2018-06-13 20:59:57 DEBUG StandardLeafSupport:      particle jungle
2018-06-13 20:59:57 DEBUG StandardLeafSupport: leaf texture   minecraft:blocks/leaves_acacia
2018-06-13 20:59:57 DEBUG StandardLeafSupport:      #variants 4
2018-06-13 20:59:57 DEBUG StandardLeafSupport:      #states   4
2018-06-13 20:59:57 DEBUG StandardLeafSupport:      particle default
2018-06-13 20:59:57 DEBUG StandardLeafSupport: leaf texture   minecraft:blocks/leaves_big_oak
2018-06-13 20:59:57 DEBUG StandardLeafSupport:      #variants 4
2018-06-13 20:59:57 DEBUG StandardLeafSupport:      #states   4
2018-06-13 20:59:57 DEBUG StandardLeafSupport:      particle default
2018-06-13 20:59:57 DEBUG StandardGrassSupport: texture minecraft:blocks/grass_top
2018-06-13 20:59:57 DEBUG StandardGrassSupport:         saturation 0.0 < 0.1, using block color
